<?xml version="1.0" encoding="UTF-8"?>
<!-- Generated by org.testng.reporters.JUnitReportReporter -->
<testsuite skipped="0" hostname="123-PC" name="seljenkinsdemo.seljenkinsintegration" tests="1" failures="0" timestamp="14 May 2019 05:23:32 GMT" time="21.442" errors="0">
  <testcase name="test" time="21.442" classname="seljenkinsdemo.seljenkinsintegration"/>
</testsuite> <!-- seljenkinsdemo.seljenkinsintegration -->
