<?xml version="1.0" encoding="UTF-8"?>
<!-- Generated by org.testng.reporters.JUnitReportReporter -->
<testsuite skipped="0" hostname="123-PC" name="seljenkinsdemo.seljenkinsintegration" tests="1" failures="0" timestamp="13 May 2019 09:22:28 GMT" time="7.863" errors="0">
  <testcase name="test" time="7.863" classname="seljenkinsdemo.seljenkinsintegration"/>
</testsuite> <!-- seljenkinsdemo.seljenkinsintegration -->
